<?xml version="1.0" encoding="UTF-8"?>
<testsuite xmlns:xsi="http://www.w3.org/2001/XMLSchema-instance" xsi:noNamespaceSchemaLocation="https://maven.apache.org/surefire/maven-surefire-plugin/xsd/surefire-test-report-3.0.xsd" version="3.0" name="com.forex.trading.domain.service.TradeDomainServiceTest" time="0.57" tests="10" errors="0" skipped="0" failures="0">
  <properties>
[...]
</properties>
  <testcase name="testConfirmTrade" classname="com.forex.trading.domain.service.TradeDomainServiceTest" time="0.54">
    <system-out><![CDATA[10:15:49.418 [main] INFO com.forex.trading.domain.service.TradeDomainService -- Confirmed fx trade: TRD2026060100001
]]></system-out>
  </testcase>
  <testcase name="testCreateTrade" classname="com.forex.trading.domain.service.TradeDomainServiceTest" time="0.006">
    <system-out><![CDATA[10:15:49.425 [main] INFO com.forex.trading.domain.service.TradeDomainService -- Created fx trade: TRD2026060100001
]]></system-out>
  </testcase>
  <testcase name="testCalculateForwardRate" classname="com.forex.trading.domain.service.TradeDomainServiceTest" time="0.002"/>
  <testcase name="testCloseOutTrade" classname="com.forex.trading.domain.service.TradeDomainServiceTest" time="0.001">
    <system-out><![CDATA[10:15:49.433 [main] INFO com.forex.trading.domain.service.TradeDomainService -- Closed out fx trade: TRD2026060100001
]]></system-out>
  </testcase>
  <testcase name="testCalculateSwapAmount" classname="com.forex.trading.domain.service.TradeDomainServiceTest" time="0.001"/>
  <testcase name="testExecuteTrade" classname="com.forex.trading.domain.service.TradeDomainServiceTest" time="0.002">
    <system-out><![CDATA[10:15:49.438 [main] INFO com.forex.trading.domain.service.TradeDomainService -- Executed fx trade: TRD2026060100001
]]></system-out>
  </testcase>
  <testcase name="testCalculateSwapAmount_NoAmounts" classname="com.forex.trading.domain.service.TradeDomainServiceTest" time="0.001"/>
  <testcase name="testRollOverTrade" classname="com.forex.trading.domain.service.TradeDomainServiceTest" time="0.001">
    <system-out><![CDATA[10:15:49.442 [main] INFO com.forex.trading.domain.service.TradeDomainService -- Rolled over fx trade: TRD2026060100001, newDate: 2026-07-24, newRate: 7.3000
]]></system-out>
  </testcase>
  <testcase name="testSettleTrade" classname="com.forex.trading.domain.service.TradeDomainServiceTest" time="0.002">
    <system-out><![CDATA[10:15:49.443 [main] INFO com.forex.trading.domain.service.TradeDomainService -- Settled fx trade: TRD2026060100001
]]></system-out>
  </testcase>
  <testcase name="testCancelTrade" classname="com.forex.trading.domain.service.TradeDomainServiceTest" time="0.001">
    <system-out><![CDATA[10:15:49.445 [main] INFO com.forex.trading.domain.service.TradeDomainService -- Cancelled fx trade: TRD2026060100001, reason: Customer request
]]></system-out>
  </testcase>
</testsuite>